<?xml version="1.0" encoding="UTF-8"?>
<!-- Generated by org.testng.reporters.JUnitXMLReporter -->
<testsuite ignored="0" hostname="WINDOWS-QNEDBQ8" failures="0" tests="10" name="Default test" time="55.398" errors="0" timestamp="2024-06-06T12:39:12 IST">
  <testcase classname="testpkg.Limetest" name="verifytest" time="32.217"/>
  <testcase classname="testpkg.Limetest" name="logo" time="0.266"/>
  <testcase classname="testpkg.Limetest" name="menus" time="0.341"/>
  <testcase classname="testpkg.Limetest" name="bags" time="2.241"/>
  <testcase classname="testpkg.Limetest" name="txtverify" time="1.144"/>
  <testcase classname="testpkg.Limetest" name="kids" time="7.216"/>
  <testcase classname="testpkg.Limetest" name="women" time="2.707"/>
  <testcase classname="testpkg.Limetest" name="men" time="2.698"/>
  <testcase classname="testpkg.Limetest" name="scrnsht" time="1.148"/>
  <testcase classname="testpkg.Limetest" name="logout" time="2.118"/>
</testsuite> <!-- Default test -->
