<?xml version="1.0" encoding="UTF-8"?>
<!-- Generated by org.testng.reporters.JUnitXMLReporter -->
<testsuite ignored="0" hostname="WINDOWS-QNEDBQ8" failures="0" tests="9" name="Default test" time="65.485" errors="0" timestamp="2024-06-13T16:41:32 IST">
  <testcase classname="testpkg.Limetest" name="verifytest" time="36.942"/>
  <testcase classname="testpkg.Limetest" name="logo" time="0.092"/>
  <testcase classname="testpkg.Limetest" name="titleverify" time="6.185"/>
  <testcase classname="testpkg.Limetest" name="menus" time="0.28"/>
  <testcase classname="testpkg.Limetest" name="bagsearch" time="4.814"/>
  <testcase classname="testpkg.Limetest" name="kids" time="7.999"/>
  <testcase classname="testpkg.Limetest" name="women" time="2.477"/>
  <testcase classname="testpkg.Limetest" name="men" time="1.99"/>
  <testcase classname="testpkg.Limetest" name="scrnsht" time="1.147"/>
</testsuite> <!-- Default test -->
