<?xml version="1.0" encoding="UTF-8"?>
<testng-results ignored="0" total="9" passed="9" failed="0" skipped="0">
  <reporter-output>
  </reporter-output>
  <suite started-at="2024-06-13T16:32:28 IST" name="Default suite" finished-at="2024-06-13T16:33:29 IST" duration-ms="61626">
    <groups>
    </groups>
    <test started-at="2024-06-13T16:32:28 IST" name="Default test" finished-at="2024-06-13T16:33:29 IST" duration-ms="61626">
      <class name="testpkg.Limetest">
        <test-method is-config="true" signature="setup()[pri:0, instance:testpkg.Limetest@298a5e20]" started-at="2024-06-13T16:32:28 IST" name="setup" finished-at="2024-06-13T16:32:31 IST" duration-ms="3222" status="PASS">
          <reporter-output>
          </reporter-output>
        </test-method> <!-- setup -->
        <test-method signature="verifytest()[pri:1, instance:testpkg.Limetest@298a5e20]" started-at="2024-06-13T16:32:31 IST" name="verifytest" finished-at="2024-06-13T16:33:08 IST" duration-ms="36740" status="PASS">
          <reporter-output>
          </reporter-output>
        </test-method> <!-- verifytest -->
        <test-method signature="logo()[pri:2, instance:testpkg.Limetest@298a5e20]" started-at="2024-06-13T16:33:08 IST" name="logo" finished-at="2024-06-13T16:33:08 IST" duration-ms="68" status="PASS">
          <reporter-output>
          </reporter-output>
        </test-method> <!-- logo -->
        <test-method signature="titleverify()[pri:3, instance:testpkg.Limetest@298a5e20]" started-at="2024-06-13T16:33:08 IST" name="titleverify" finished-at="2024-06-13T16:33:14 IST" duration-ms="6161" status="PASS">
          <reporter-output>
          </reporter-output>
        </test-method> <!-- titleverify -->
        <test-method signature="menus()[pri:4, instance:testpkg.Limetest@298a5e20]" started-at="2024-06-13T16:33:14 IST" name="menus" finished-at="2024-06-13T16:33:14 IST" duration-ms="336" status="PASS">
          <reporter-output>
          </reporter-output>
        </test-method> <!-- menus -->
        <test-method signature="bagsearch()[pri:5, instance:testpkg.Limetest@298a5e20]" started-at="2024-06-13T16:33:14 IST" name="bagsearch" finished-at="2024-06-13T16:33:17 IST" duration-ms="2813" status="PASS">
          <reporter-output>
          </reporter-output>
        </test-method> <!-- bagsearch -->
        <test-method signature="kids()[pri:6, instance:testpkg.Limetest@298a5e20]" started-at="2024-06-13T16:33:17 IST" name="kids" finished-at="2024-06-13T16:33:25 IST" duration-ms="7408" status="PASS">
          <reporter-output>
          </reporter-output>
        </test-method> <!-- kids -->
        <test-method signature="women()[pri:7, instance:testpkg.Limetest@298a5e20]" started-at="2024-06-13T16:33:25 IST" name="women" finished-at="2024-06-13T16:33:27 IST" duration-ms="2105" status="PASS">
          <reporter-output>
          </reporter-output>
        </test-method> <!-- women -->
        <test-method signature="men()[pri:8, instance:testpkg.Limetest@298a5e20]" started-at="2024-06-13T16:33:27 IST" name="men" finished-at="2024-06-13T16:33:28 IST" duration-ms="1621" status="PASS">
          <reporter-output>
          </reporter-output>
        </test-method> <!-- men -->
        <test-method signature="scrnsht()[pri:9, instance:testpkg.Limetest@298a5e20]" started-at="2024-06-13T16:33:28 IST" name="scrnsht" finished-at="2024-06-13T16:33:29 IST" duration-ms="954" status="PASS">
          <reporter-output>
          </reporter-output>
        </test-method> <!-- scrnsht -->
      </class> <!-- testpkg.Limetest -->
    </test> <!-- Default test -->
  </suite> <!-- Default suite -->
</testng-results>
