<?xml version="1.0" encoding="UTF-8"?>
<testng-results ignored="0" total="10" passed="10" failed="0" skipped="0">
  <reporter-output>
  </reporter-output>
  <suite started-at="2024-06-06T12:38:17 IST" name="Default suite" finished-at="2024-06-06T12:39:12 IST" duration-ms="55398">
    <groups>
    </groups>
    <test started-at="2024-06-06T12:38:17 IST" name="Default test" finished-at="2024-06-06T12:39:12 IST" duration-ms="55398">
      <class name="testpkg.Limetest">
        <test-method is-config="true" signature="setup()[pri:0, instance:testpkg.Limetest@2a7f1f10]" started-at="2024-06-06T12:38:17 IST" name="setup" finished-at="2024-06-06T12:38:20 IST" duration-ms="3087" status="PASS">
          <reporter-output>
          </reporter-output>
        </test-method> <!-- setup -->
        <test-method signature="verifytest()[pri:1, instance:testpkg.Limetest@2a7f1f10]" started-at="2024-06-06T12:38:20 IST" name="verifytest" finished-at="2024-06-06T12:38:52 IST" duration-ms="32217" status="PASS">
          <reporter-output>
          </reporter-output>
        </test-method> <!-- verifytest -->
        <test-method signature="logo()[pri:2, instance:testpkg.Limetest@2a7f1f10]" started-at="2024-06-06T12:38:52 IST" name="logo" finished-at="2024-06-06T12:38:53 IST" duration-ms="266" status="PASS">
          <reporter-output>
          </reporter-output>
        </test-method> <!-- logo -->
        <test-method signature="menus()[pri:3, instance:testpkg.Limetest@2a7f1f10]" started-at="2024-06-06T12:38:53 IST" name="menus" finished-at="2024-06-06T12:38:53 IST" duration-ms="341" status="PASS">
          <reporter-output>
          </reporter-output>
        </test-method> <!-- menus -->
        <test-method signature="bags()[pri:4, instance:testpkg.Limetest@2a7f1f10]" started-at="2024-06-06T12:38:53 IST" name="bags" finished-at="2024-06-06T12:38:55 IST" duration-ms="2241" status="PASS">
          <reporter-output>
          </reporter-output>
        </test-method> <!-- bags -->
        <test-method signature="txtverify()[pri:5, instance:testpkg.Limetest@2a7f1f10]" started-at="2024-06-06T12:38:55 IST" name="txtverify" finished-at="2024-06-06T12:38:56 IST" duration-ms="1144" status="PASS">
          <reporter-output>
          </reporter-output>
        </test-method> <!-- txtverify -->
        <test-method signature="kids()[pri:6, instance:testpkg.Limetest@2a7f1f10]" started-at="2024-06-06T12:38:56 IST" name="kids" finished-at="2024-06-06T12:39:04 IST" duration-ms="7216" status="PASS">
          <reporter-output>
          </reporter-output>
        </test-method> <!-- kids -->
        <test-method signature="women()[pri:7, instance:testpkg.Limetest@2a7f1f10]" started-at="2024-06-06T12:39:04 IST" name="women" finished-at="2024-06-06T12:39:06 IST" duration-ms="2707" status="PASS">
          <reporter-output>
          </reporter-output>
        </test-method> <!-- women -->
        <test-method signature="men()[pri:8, instance:testpkg.Limetest@2a7f1f10]" started-at="2024-06-06T12:39:06 IST" name="men" finished-at="2024-06-06T12:39:09 IST" duration-ms="2698" status="PASS">
          <reporter-output>
          </reporter-output>
        </test-method> <!-- men -->
        <test-method signature="scrnsht()[pri:9, instance:testpkg.Limetest@2a7f1f10]" started-at="2024-06-06T12:39:09 IST" name="scrnsht" finished-at="2024-06-06T12:39:10 IST" duration-ms="1148" status="PASS">
          <reporter-output>
          </reporter-output>
        </test-method> <!-- scrnsht -->
        <test-method signature="logout()[pri:10, instance:testpkg.Limetest@2a7f1f10]" started-at="2024-06-06T12:39:10 IST" name="logout" finished-at="2024-06-06T12:39:12 IST" duration-ms="2118" status="PASS">
          <reporter-output>
          </reporter-output>
        </test-method> <!-- logout -->
      </class> <!-- testpkg.Limetest -->
    </test> <!-- Default test -->
  </suite> <!-- Default suite -->
</testng-results>
